Line 124: Class MSAdodcLib.Adodc of control Adodc2 was not a loaded control class.
Line 192: Class MSAdodcLib.Adodc of control Adodc1 was not a loaded control class.
Line 130: The property name _ExtentX in Adodc2 is invalid.
Line 131: The property name _ExtentY in Adodc2 is invalid.
Line 132: The property name ConnectMode in Adodc2 is invalid.
Line 133: The property name CursorLocation in Adodc2 is invalid.
Line 134: The property name IsolationLevel in Adodc2 is invalid.
Line 135: The property name ConnectionTimeout in Adodc2 is invalid.
Line 136: The property name CommandTimeout in Adodc2 is invalid.
Line 137: The property name CursorType in Adodc2 is invalid.
Line 138: The property name LockType in Adodc2 is invalid.
Line 139: The property name CommandType in Adodc2 is invalid.
Line 140: The property name CursorOptions in Adodc2 is invalid.
Line 141: The property name CacheSize in Adodc2 is invalid.
Line 142: The property name MaxRecords in Adodc2 is invalid.
Line 143: The property name BOFAction in Adodc2 is invalid.
Line 144: The property name EOFAction in Adodc2 is invalid.
Line 145: The property name ConnectStringType in Adodc2 is invalid.
Line 149: The property name Orientation in Adodc2 is invalid.
Line 151: The property name Connect in Adodc2 is invalid.
Line 152: The property name OLEDBString in Adodc2 is invalid.
Line 153: The property name OLEDBFile in Adodc2 is invalid.
Line 154: The property name DataSourceName in Adodc2 is invalid.
Line 155: The property name OtherAttributes in Adodc2 is invalid.
Line 156: The property name UserName in Adodc2 is invalid.
Line 157: The property name Password in Adodc2 is invalid.
Line 158: The property name RecordSource in Adodc2 is invalid.
Line 159: The property name Caption in Adodc2 is invalid.
Line 169: The property name _Version in Adodc2 is invalid.
Line 198: The property name _ExtentX in Adodc1 is invalid.
Line 199: The property name _ExtentY in Adodc1 is invalid.
Line 200: The property name ConnectMode in Adodc1 is invalid.
Line 201: The property name CursorLocation in Adodc1 is invalid.
Line 202: The property name IsolationLevel in Adodc1 is invalid.
Line 203: The property name ConnectionTimeout in Adodc1 is invalid.
Line 204: The property name CommandTimeout in Adodc1 is invalid.
Line 205: The property name CursorType in Adodc1 is invalid.
Line 206: The property name LockType in Adodc1 is invalid.
Line 207: The property name CommandType in Adodc1 is invalid.
Line 208: The property name CursorOptions in Adodc1 is invalid.
Line 209: The property name CacheSize in Adodc1 is invalid.
Line 210: The property name MaxRecords in Adodc1 is invalid.
Line 211: The property name BOFAction in Adodc1 is invalid.
Line 212: The property name EOFAction in Adodc1 is invalid.
Line 213: The property name ConnectStringType in Adodc1 is invalid.
Line 217: The property name Orientation in Adodc1 is invalid.
Line 219: The property name Connect in Adodc1 is invalid.
Line 220: The property name OLEDBString in Adodc1 is invalid.
Line 221: The property name OLEDBFile in Adodc1 is invalid.
Line 222: The property name DataSourceName in Adodc1 is invalid.
Line 223: The property name OtherAttributes in Adodc1 is invalid.
Line 224: The property name UserName in Adodc1 is invalid.
Line 225: The property name Password in Adodc1 is invalid.
Line 226: The property name RecordSource in Adodc1 is invalid.
Line 227: The property name Caption in Adodc1 is invalid.
Line 237: The property name _Version in Adodc1 is invalid.
